{
  "name": "aikit-operator"
}
{
  "name": "ako-operator"
}
{
  "name": "anchore-engine"
}
{
  "name": "anzo-operator"
}
{
  "name": "anzograph-operator"
}
{
  "name": "anzounstructured-operator"
}
{
  "name": "aqua-operator-certified"
}
{
  "name": "can-operator"
}
{
  "name": "carbonetes-operator"
}
{
  "name": "cass-operator"
}
{
  "name": "ccm-node-agent-dcap-operator"
}
{
  "name": "ccm-node-agent-operator"
}
{
  "name": "cilium"
}
{
  "name": "citrix-adc-istio-ingress-gateway-operator"
}
{
  "name": "citrix-cpx-istio-sidecar-injector-operator"
}
{
  "name": "citrix-cpx-with-ingress-controller-operator"
}
{
  "name": "citrix-ingress-controller-operator"
}
{
  "name": "cloud-native-postgresql"
}
{
  "name": "cloudbees-ci"
}
{
  "name": "cloudcasa-operator"
}
{
  "name": "cockroachdb-certified"
}
{
  "name": "confluent-for-kubernetes"
}
{
  "name": "conjur-follower-operator"
}
{
  "name": "couchbase-enterprise-certified"
}
{
  "name": "couchdb-operator-certified"
}
{
  "name": "crunchy-postgres-operator"
}
{
  "name": "datadog-operator-certified"
}
{
  "name": "dynatrace-operator"
}
{
  "name": "eamli-operator"
}
{
  "name": "elasticsearch-eck-operator-certified"
}
{
  "name": "entando-k8s-operator"
}
{
  "name": "f5-bigip-ctlr-operator"
}
{
  "name": "f5-ipam-controller-operator"
}
{
  "name": "federatorai-certified"
}
{
  "name": "gitlab-runner-operator"
}
{
  "name": "gpu-operator-certified"
}
{
  "name": "hazelcast-enterprise-certified"
}
{
  "name": "hazelcast-platform-operator"
}
{
  "name": "headspinunifiedcontroller"
}
{
  "name": "hello-world-operator"
}
{
  "name": "hpe-csi-operator"
}
{
  "name": "hpe-ezmeral-csi-operator"
}
{
  "name": "ibm-application-gateway-operator"
}
{
  "name": "ibm-block-csi-operator"
}
{
  "name": "ibm-security-verify-operator"
}
{
  "name": "ibm-spectrum-symphony-operator"
}
{
  "name": "ibm-storage-odf-operator"
}
{
  "name": "infinibox-operator-certified"
}
{
  "name": "infoscale-operator"
}
{
  "name": "installkit-customer"
}
{
  "name": "instana-agent-operator"
}
{
  "name": "iomesh-operator"
}
{
  "name": "jinhli-demo-operator"
}
{
  "name": "joget-dx-operator"
}
{
  "name": "k10-kasten-operator"
}
{
  "name": "k8s-triliovault"
}
{
  "name": "kong-offline-operator"
}
{
  "name": "kubemq-operator-marketplace"
}
{
  "name": "kubeturbo-certified"
}
{
  "name": "linstor-operator"
}
{
  "name": "marketplace-games-operator"
}
{
  "name": "memcached-operator-ogaye"
}
{
  "name": "minio-operator"
}
{
  "name": "mongodb-enterprise"
}
{
  "name": "neuvector-certified-operator"
}
{
  "name": "nginx-ingress-operator"
}
{
  "name": "nutanixcsioperator"
}
{
  "name": "nxiq-operator-certified"
}
{
  "name": "nxrm-operator-certified"
}
{
  "name": "open-liberty-certified"
}
{
  "name": "openshiftartifactoryha-operator"
}
{
  "name": "openshiftxray-operator"
}
{
  "name": "ovms-operator"
}
{
  "name": "pachyderm-operator"
}
{
  "name": "pan-cn-series-operator"
}
{
  "name": "percona-postgresql-operator-certified"
}
{
  "name": "percona-server-mongodb-operator-certified"
}
{
  "name": "percona-xtradb-cluster-operator-certified"
}
{
  "name": "pmem-csi-operator-os"
}
{
  "name": "portworx-certified"
}
{
  "name": "redhat-marketplace-operator"
}
{
  "name": "redis-enterprise-operator-cert"
}
{
  "name": "runtime-component-operator-certified"
}
{
  "name": "sanstoragecsi-operator-bundle"
}
{
  "name": "seldon-operator-certified"
}
{
  "name": "simple-demo-operator"
}
{
  "name": "smilecdr-operator"
}
{
  "name": "sriov-fec"
}
{
  "name": "storageos2"
}
{
  "name": "sysdig-certified"
}
{
  "name": "t8c-certified"
}
{
  "name": "tc-simple-demo-operator"
}
{
  "name": "tigera-operator"
}
{
  "name": "timemachine-operator"
}
{
  "name": "vfunction-server-operator"
}
{
  "name": "vsphere-kubernetes-drivers-operator"
}
{
  "name": "xcrypt-operator"
}
{
  "name": "zabbix-operator-certified"
}
